<?xml version="1.0" encoding="UTF-8"?>
<!-- Generated by org.testng.reporters.JUnitXMLReporter -->
<testsuite hostname="Deepalis-MacBook-Air.local" ignored="0" name="Test" tests="5" failures="1" timestamp="2020-08-30T13:02:36 IST" time="53.727" errors="0">
  <testcase name="validationLoginErrorMsg" time="1.36" classname="com.promise_qa.test.LoginPageTest"/>
  <testcase name="validateLogin" time="2.587" classname="com.promise_qa.test.LoginPageTest"/>
  <testcase name="addPromise" time="2.646" classname="com.promise_qa.test.LandingPageTest"/>
  <testcase name="verifyAddedPromise" time="2.471" classname="com.promise_qa.test.PromiseToPageTest">
    <failure type="java.lang.AssertionError" message="Promise didnot added expected [Enter promise] but found [abc enter by me]">
      <![CDATA[java.lang.AssertionError: Promise didnot added expected [Enter promise] but found [abc enter by me]
at com.promise_qa.test.PromiseToPageTest.verifyAddedPromise(PromiseToPageTest.java:46)
at java.util.ArrayList.forEach(ArrayList.java:1257)
... Removed 31 stack frames]]>
    </failure>
  </testcase> <!-- verifyAddedPromise -->
  <testcase name="verifyLogout" time="0.689" classname="com.promise_qa.test.LandingPageTest"/>
</testsuite> <!-- Test -->
