<?xml version="1.0" encoding="UTF-8"?>
<testng-results skipped="0" failed="1" ignored="0" total="5" passed="4">
  <reporter-output>
  </reporter-output>
  <suite name="Suite" duration-ms="53727" started-at="2020-08-30T13:01:42 IST" finished-at="2020-08-30T13:02:36 IST">
    <groups>
      <group name="AddPromise">
        <method signature="LandingPageTest.addPromise()[pri:0, instance:com.promise_qa.test.LandingPageTest@a7e666]" name="addPromise" class="com.promise_qa.test.LandingPageTest"/>
      </group> <!-- AddPromise -->
      <group name="Login">
        <method signature="LoginPageTest.validateLogin()[pri:2, instance:com.promise_qa.test.LoginPageTest@72b6cbcc]" name="validateLogin" class="com.promise_qa.test.LoginPageTest"/>
      </group> <!-- Login -->
    </groups>
    <test name="Test" duration-ms="53727" started-at="2020-08-30T13:01:42 IST" finished-at="2020-08-30T13:02:36 IST">
      <class name="com.promise_qa.test.LandingPageTest">
        <test-method status="PASS" signature="setup(java.lang.String)[pri:0, instance:com.promise_qa.test.LandingPageTest@a7e666]" name="setup" is-config="true" duration-ms="8091" started-at="2020-08-30T13:02:03 IST" finished-at="2020-08-30T13:02:11 IST">
          <params>
            <param index="0">
              <value>
                <![CDATA[chrome]]>
              </value>
            </param>
          </params>
          <reporter-output>
          </reporter-output>
        </test-method> <!-- setup -->
        <test-method status="PASS" signature="addPromise()[pri:0, instance:com.promise_qa.test.LandingPageTest@a7e666]" name="addPromise" duration-ms="2646" depends-on-groups="Login" started-at="2020-08-30T13:02:11 IST" description="Add Promise" finished-at="2020-08-30T13:02:13 IST">
          <reporter-output>
          </reporter-output>
        </test-method> <!-- addPromise -->
        <test-method status="PASS" signature="tearDown()[pri:0, instance:com.promise_qa.test.LandingPageTest@a7e666]" name="tearDown" is-config="true" duration-ms="300" started-at="2020-08-30T13:02:13 IST" finished-at="2020-08-30T13:02:14 IST">
          <reporter-output>
          </reporter-output>
        </test-method> <!-- tearDown -->
        <test-method status="PASS" signature="setup(java.lang.String)[pri:0, instance:com.promise_qa.test.LandingPageTest@a7e666]" name="setup" is-config="true" duration-ms="8670" started-at="2020-08-30T13:02:26 IST" finished-at="2020-08-30T13:02:35 IST">
          <params>
            <param index="0">
              <value>
                <![CDATA[chrome]]>
              </value>
            </param>
          </params>
          <reporter-output>
          </reporter-output>
        </test-method> <!-- setup -->
        <test-method status="PASS" signature="verifyLogout()[pri:0, instance:com.promise_qa.test.LandingPageTest@a7e666]" name="verifyLogout" duration-ms="689" depends-on-groups="Login" started-at="2020-08-30T13:02:35 IST" description="Verify Logout" finished-at="2020-08-30T13:02:35 IST">
          <reporter-output>
          </reporter-output>
        </test-method> <!-- verifyLogout -->
        <test-method status="PASS" signature="tearDown()[pri:0, instance:com.promise_qa.test.LandingPageTest@a7e666]" name="tearDown" is-config="true" duration-ms="438" started-at="2020-08-30T13:02:35 IST" finished-at="2020-08-30T13:02:36 IST">
          <reporter-output>
          </reporter-output>
        </test-method> <!-- tearDown -->
      </class> <!-- com.promise_qa.test.LandingPageTest -->
      <class name="com.promise_qa.test.PromiseToPageTest">
        <test-method status="PASS" signature="setup(java.lang.String)[pri:0, instance:com.promise_qa.test.PromiseToPageTest@68bbe345]" name="setup" is-config="true" duration-ms="8743" started-at="2020-08-30T13:02:14 IST" finished-at="2020-08-30T13:02:22 IST">
          <params>
            <param index="0">
              <value>
                <![CDATA[chrome]]>
              </value>
            </param>
          </params>
          <reporter-output>
          </reporter-output>
        </test-method> <!-- setup -->
        <test-method status="FAIL" signature="verifyAddedPromise()[pri:0, instance:com.promise_qa.test.PromiseToPageTest@68bbe345]" name="verifyAddedPromise" duration-ms="2471" depends-on-groups="AddPromise" started-at="2020-08-30T13:02:22 IST" description="Verify the promise which we added earlier" finished-at="2020-08-30T13:02:25 IST">
          <exception class="java.lang.AssertionError">
            <message>
              <![CDATA[Promise didnot added expected [Enter promise] but found [abc enter by me]]]>
            </message>
            <full-stacktrace>
              <![CDATA[java.lang.AssertionError: Promise didnot added expected [Enter promise] but found [abc enter by me]
at org.testng.Assert.fail(Assert.java:97)
at org.testng.Assert.assertEqualsImpl(Assert.java:136)
at org.testng.Assert.assertEquals(Assert.java:118)
at org.testng.Assert.assertEquals(Assert.java:575)
at com.promise_qa.test.PromiseToPageTest.verifyAddedPromise(PromiseToPageTest.java:46)
at sun.reflect.NativeMethodAccessorImpl.invoke0(Native Method)
at sun.reflect.NativeMethodAccessorImpl.invoke(NativeMethodAccessorImpl.java:62)
at sun.reflect.DelegatingMethodAccessorImpl.invoke(DelegatingMethodAccessorImpl.java:43)
at java.lang.reflect.Method.invoke(Method.java:498)
at org.testng.internal.MethodInvocationHelper.invokeMethod(MethodInvocationHelper.java:135)
at org.testng.internal.TestInvoker.invokeMethod(TestInvoker.java:598)
at org.testng.internal.TestInvoker.invokeTestMethod(TestInvoker.java:174)
at org.testng.internal.MethodRunner.runInSequence(MethodRunner.java:46)
at org.testng.internal.TestInvoker$MethodInvocationAgent.invoke(TestInvoker.java:821)
at org.testng.internal.TestInvoker.invokeTestMethods(TestInvoker.java:147)
at org.testng.internal.TestMethodWorker.invokeTestMethods(TestMethodWorker.java:146)
at org.testng.internal.TestMethodWorker.run(TestMethodWorker.java:128)
at java.util.ArrayList.forEach(ArrayList.java:1257)
at org.testng.TestRunner.privateRun(TestRunner.java:767)
at org.testng.TestRunner.run(TestRunner.java:588)
at org.testng.SuiteRunner.runTest(SuiteRunner.java:384)
at org.testng.SuiteRunner.runSequentially(SuiteRunner.java:378)
at org.testng.SuiteRunner.privateRun(SuiteRunner.java:337)
at org.testng.SuiteRunner.run(SuiteRunner.java:286)
at org.testng.SuiteRunnerWorker.runSuite(SuiteRunnerWorker.java:53)
at org.testng.SuiteRunnerWorker.run(SuiteRunnerWorker.java:96)
at org.testng.TestNG.runSuitesSequentially(TestNG.java:1214)
at org.testng.TestNG.runSuitesLocally(TestNG.java:1136)
at org.testng.TestNG.runSuites(TestNG.java:1066)
at org.testng.TestNG.run(TestNG.java:1034)
at org.testng.remote.AbstractRemoteTestNG.run(AbstractRemoteTestNG.java:115)
at org.testng.remote.RemoteTestNG.initAndRun(RemoteTestNG.java:251)
at org.testng.remote.RemoteTestNG.main(RemoteTestNG.java:77)
]]>
            </full-stacktrace>
          </exception> <!-- java.lang.AssertionError -->
          <reporter-output>
          </reporter-output>
        </test-method> <!-- verifyAddedPromise -->
        <test-method status="PASS" signature="tearDown()[pri:0, instance:com.promise_qa.test.PromiseToPageTest@68bbe345]" name="tearDown" is-config="true" duration-ms="237" started-at="2020-08-30T13:02:26 IST" finished-at="2020-08-30T13:02:26 IST">
          <reporter-output>
          </reporter-output>
        </test-method> <!-- tearDown -->
      </class> <!-- com.promise_qa.test.PromiseToPageTest -->
      <class name="com.promise_qa.test.LoginPageTest">
        <test-method status="PASS" signature="setup(java.lang.String)[pri:0, instance:com.promise_qa.test.LoginPageTest@72b6cbcc]" name="setup" is-config="true" duration-ms="9594" started-at="2020-08-30T13:01:42 IST" finished-at="2020-08-30T13:01:52 IST">
          <params>
            <param index="0">
              <value>
                <![CDATA[chrome]]>
              </value>
            </param>
          </params>
          <reporter-output>
          </reporter-output>
        </test-method> <!-- setup -->
        <test-method status="PASS" signature="validationLoginErrorMsg()[pri:1, instance:com.promise_qa.test.LoginPageTest@72b6cbcc]" name="validationLoginErrorMsg" duration-ms="1360" started-at="2020-08-30T13:01:52 IST" description="Verify error message when login without any credentials" finished-at="2020-08-30T13:01:53 IST">
          <reporter-output>
          </reporter-output>
        </test-method> <!-- validationLoginErrorMsg -->
        <test-method status="PASS" signature="tearDown()[pri:0, instance:com.promise_qa.test.LoginPageTest@72b6cbcc]" name="tearDown" is-config="true" duration-ms="313" started-at="2020-08-30T13:01:53 IST" finished-at="2020-08-30T13:01:53 IST">
          <reporter-output>
          </reporter-output>
        </test-method> <!-- tearDown -->
        <test-method status="PASS" signature="setup(java.lang.String)[pri:0, instance:com.promise_qa.test.LoginPageTest@72b6cbcc]" name="setup" is-config="true" duration-ms="6266" started-at="2020-08-30T13:01:53 IST" finished-at="2020-08-30T13:02:00 IST">
          <params>
            <param index="0">
              <value>
                <![CDATA[chrome]]>
              </value>
            </param>
          </params>
          <reporter-output>
          </reporter-output>
        </test-method> <!-- setup -->
        <test-method status="PASS" signature="validateLogin()[pri:2, instance:com.promise_qa.test.LoginPageTest@72b6cbcc]" name="validateLogin" duration-ms="2587" started-at="2020-08-30T13:02:00 IST" description="Validate login with correct credentials" finished-at="2020-08-30T13:02:02 IST">
          <reporter-output>
          </reporter-output>
        </test-method> <!-- validateLogin -->
        <test-method status="PASS" signature="tearDown()[pri:0, instance:com.promise_qa.test.LoginPageTest@72b6cbcc]" name="tearDown" is-config="true" duration-ms="364" started-at="2020-08-30T13:02:02 IST" finished-at="2020-08-30T13:02:03 IST">
          <reporter-output>
          </reporter-output>
        </test-method> <!-- tearDown -->
      </class> <!-- com.promise_qa.test.LoginPageTest -->
    </test> <!-- Test -->
  </suite> <!-- Suite -->
</testng-results>
